{
  "/Users/nreavill/.rvm/gems/ruby-1.9.2-p180@rails31/bin/spork ": {
    "coverage": {
    },
    "timestamp": 1324053652
  },
  "RSpec": {
    "coverage": {
      "/Users/nreavill/Sites/doitidiot-api/app/controllers/application_controller.rb": [
        1,
        1,
        null
      ],
      "/Users/nreavill/Sites/doitidiot-api/app/helpers/application_helper.rb": [
        1,
        null
      ],
      "/Users/nreavill/Sites/doitidiot-api/app/models/user.rb": [
        1,
        1,
        null,
        null,
        null,
        null,
        1,
        null,
        1,
        1,
        1,
        null,
        null,
        null,
        1,
        null,
        null,
        null,
        null,
        null,
        null,
        null,
        null,
        null,
        1,
        0,
        null,
        null,
        null
      ],
      "/Users/nreavill/Sites/doitidiot-api/Sporkfile.rb": [
        null,
        null,
        null
      ]
    },
    "timestamp": 1324053847
  }
}
